{"timestamp":1752743247895,"nmea":"!AIVDM,1,1,,B,35AMFN5000WJudP0g4v613jR0Dg:,0*4E"}
{"timestamp":1752743247895,"nmea":"!AIVDM,1,1,,A,18J29:1011WK3Sn0fBc1GhtR058L,0*79"}
{"timestamp":1752743247895,"nmea":"!AIVDM,1,1,,B,18HsFfPP017JvN60gBjj8OvV058L,0*76"}
{"timestamp":1752743247895,"nmea":"!AIVDM,1,1,,A,19NSLRh0007K2`R0fav;ii0j058L,0*58"}
{"timestamp":1752743247895,"nmea":"!AIVDM,1,1,,A,35?dVk@00u7Juwp0gHMudbhh01vh,0*42"}
{"timestamp":1752743247895,"nmea":"!AIVDM,2,1,8,A,58I1U882FS\u003eGUKKKS:1\u003cTp5:1=Dp@62222222216@hV6F5qm0HTiljCg,0*3B"}
{"timestamp":1752743247895,"nmea":"!AIVDM,2,2,8,A,gUSPk2H88888880,2*34"}
{"timestamp":1752743247895,"nmea":"!AIVDM,1,1,,A,18Hw190OhL7K2wh0fOLdAbJT0D@L,0*66"}
{"timestamp":1752743247896,"nmea":"!AIVDM,2,1,9,A,55AMFN82;gsg\u003cHMCR2098T@LF222222222222216@Pj@\u003e5pB0GDiljC`,0*26"}
{"timestamp":1752743247896,"nmea":"!AIVDM,2,2,9,A,888888888888880,2*2D"}
{"timestamp":1752743247896,"nmea":"!AIVDM,1,1,,A,19NSLRh0007K2`R0fav;ii0j058L,0*58"}
{"timestamp":1752743247993,"nmea":"!AIVDM,1,1,,B,18J29:1011WK3W:0fCAAH@tn08@v,0*2D"}
{"timestamp":1752743249100,"nmea":"!AIVDM,1,1,,A,18HsFfPP017JvN\u003c0gBk24?vr0D=I,0*0F"}
{"timestamp":1752743249553,"nmea":"!AIVDM,1,1,,B,35?dVk@00u7Juw@0gHeuWrhp00tP,0*59"}
{"timestamp":1752743252673,"nmea":"!AIVDM,1,1,,A,15?dVk@00u7Juvp0gHsebJhv0D\u003c=,0*35"}
{"timestamp":1752743255766,"nmea":"!AIVDM,1,1,,B,19NSLRh0007K2`R0favKii1600RU,0*00"}
{"timestamp":1752743256006,"nmea":"!AIVDM,1,1,,B,35?dVk@00w7Juv`0gI8eWri40000,0*57"}
{"timestamp":1752743256860,"nmea":"!AIVDM,1,1,,A,36TfI450007Jv;T0fd?@o3i40E@b,0*16"}
{"timestamp":1752743258593,"nmea":"!AIVDM,1,1,,B,18HsFfPP017JvN80gBj23Ow\u003e0HFV,0*5B"}
{"timestamp":1752743264567,"nmea":"!AIVDM,1,1,,A,19NSLRh0007K2`R0favaHA1F0D72,0*26"}
{"timestamp":1752743279086,"nmea":"!AIVDM,1,1,,A,18J29:1010WK3iN0fE5iHPul058L,0*63"}
{"timestamp":1752743284780,"nmea":"!AIVDM,1,1,,A,19NSLRh0007K2`R0faw9@i08058P,0*3C"}
{"timestamp":1752743289433,"nmea":"!AIVDM,1,1,,B,18J29:100wWK3lP0fEbQFPt@0@66,0*70"}
{"timestamp":1752743294327,"nmea":"!AIVDM,1,1,,B,18Js5d8P007Jva20g@EcqwvN058P,0*16"}
{"timestamp":1752743297634,"nmea":"!AIVDM,2,1,1,A,577Je482EEG1I9@OJ21\u003cD5=04r0u=18EV2222216=SNNB5og?SDjCQhD,0*4C"}
{"timestamp":1752743297634,"nmea":"!AIVDM,2,2,1,A,3lQH1D0Qp0H8880,2*47"}
{"timestamp":1752743304514,"nmea":"!AIVDM,1,1,,A,18HwF2gP01WK1w@0g0=B9gvd0LFC,0*65"}
{"timestamp":1752743306807,"nmea":"!AIVDM,1,1,,B,13f1MJ0014WK2@80f3SL59dj258P,0*33"}
{"timestamp":1752743307994,"nmea":"!AIVDM,1,1,,B,18J29:100uWK3r60fFcQF@rn058P,0*2D"}
{"timestamp":1752743309101,"nmea":"!AIVDM,1,1,,A,18HsFfPP017JvN20gBkR3?vr0@A2,0*65"}
{"timestamp":1752743313554,"nmea":"!AIVDM,1,1,,B,377Je45000WJw180f`\u003cF8qHn0Dg:,0*61"}
{"timestamp":1752743318714,"nmea":"!AIVDM,1,1,,A,18J29:100tWK3uB0fGAAEhs\u003c0@G@,0*0D"}
{"timestamp":1752743324567,"nmea":"!AIVDM,1,1,,A,19NSLRh0007K2`R0fatq4Q1F0@J6,0*25"}
{"timestamp":1752743328101,"nmea":"!AIVDM,1,1,,B,18J29:100sWK3wj0fGhAC@sN0\u003c=p,0*60"}
{"timestamp":1752743335608,"nmea":"!AIVDM,1,1,,A,18Hw1;P0007JvP00gAu76kkd0@PT,0*63"}
{"timestamp":1752743338808,"nmea":"!AIVDM,1,1,,B,18HsFfPP017JvN@0gBl51gwn0D=A,0*38"}
{"timestamp":1752743339288,"nmea":"!AIVDM,1,1,,B,18I3KO0Ohb7K2rf0fQ;stIoj0@Rf,0*4E"}
{"timestamp":1752743343875,"nmea":"!AIVDM,1,1,,A,18HwF2gP01WK1w@0g0\u003cA4wv200Ri,0*6E"}
{"timestamp":1752743347395,"nmea":"!AIVDM,1,1,,A,18HsFfPP017JvNB0gBlUvgv@0\u003c=C,0*4B"}
{"timestamp":1752743356248,"nmea":"!AIVDM,1,1,,A,18Hw1;P0007JvP00gAs76kjN0L\u003e=,0*45"}
{"timestamp":1752743364781,"nmea":"!AIVDM,1,1,,A,39NSLRh0007K2`T0fari\u003ei0h04rk,0*33"}
{"timestamp":1752743364861,"nmea":"!AIVDM,1,1,,B,18I01V500qWK42n0fIOA\u003e0rd0H\u003eS,0*1E"}
{"timestamp":1752743369101,"nmea":"!AIVDM,1,1,,A,18HsFfPP017JvN:0gBjn:?vr0\u003c=D,0*2F"}
{"timestamp":1752743374781,"nmea":"!AIVDM,1,1,,B,19NSLRh0007K2`T0fatQ\u003ei140HDG,0*37"}
{"timestamp":1752743384061,"nmea":"!AIVDM,1,1,,B,18I01V5OhoWK47P0fJNA=hwB00SA,0*61"}
{"timestamp":1752743395609,"nmea":"!AIVDM,1,1,,A,18Hw1;P0007JvP20gAuo6kkd0\u003c\u003e9,0*46"}
{"timestamp":1752743398382,"nmea":"!AIVDM,2,1,2,A,59NSLRl2A6B0CDAOL00M\u003cj0lDhTp40000000001:GHa@@5pBNGTiljCP,0*0E"}
{"timestamp":1752743398382,"nmea":"!AIVDM,2,2,2,A,000000000000000,2*26"}
{"timestamp":1752743398622,"nmea":"!AIVDM,1,1,,A,18Hw4g0P?w7JvR@0gAI\u003e4?wj08RE,0*1A"}
{"timestamp":1752743398808,"nmea":"!AIVDM,1,1,,B,18HsFfPP017JvMt0gBhn:Own0@RL,0*15"}
{"timestamp":1752743404434,"nmea":"!AIVDM,1,1,,A,19NSLRh0007K2`R0favA\u003ei060D72,0*29"}
{"timestamp":1752743405768,"nmea":"!AIVDM,1,1,,A,38Ht6U5P027Jve`0gBw8`wv:0E\u003eJ,0*1B"}
{"timestamp":1752743415420,"nmea":"!AIVDM,1,1,,A,38I1U85000WJv7F0g2ji7khN0Dg:,0*12"}
{"timestamp":1752743415526,"nmea":"!AIVDM,1,1,,B,19NSLRh0007K2`R0fatJ`i0L0@95,0*0A"}
{"timestamp":1752743417953,"nmea":"!AIVDM,1,1,,A,35AMFN5000WJueL0g4iV13jR0Dg:,0*2F"}
{"timestamp":1752743420832,"nmea":"!AIVDM,1,1,,A,13P:G\u003cP0007K0R\u003c0g7PFm9JT00Rd,0*7D"}
{"timestamp":1752743422459,"nmea":"!AIVDM,1,1,,B,37f6ET50007JvFp0gImKWqHb0E1:,0*12"}
{"timestamp":1752743424512,"nmea":"!AIVDM,1,1,,A,18HwF2gP01WK1w`0g09L@Ovd0DFM,0*18"}
{"timestamp":1752743440722,"nmea":"!AIVDM,1,1,,B,36TfI450007Jv\u003c\u003c0fd:0o3i\u003c0Dd:,0*7A"}
{"timestamp":1752743444561,"nmea":"!AIVDM,1,1,,A,19NSLRh0007K2`T0faqH\u003ei1F08J6,0*55"}
{"timestamp":1752743461012,"nmea":"!AIVDM,1,1,,A,13P:G\u003cP0007K0Qr0g7KVm9Kn0\u003c\u003cP,0*56"}
{"timestamp":1752743463199,"nmea":"!AIVDM,1,1,,A,18HwF2gP01WK1w@0g0:\u003c7gv00H1o,0*19"}
{"timestamp":1752743477198,"nmea":"!AIVDM,1,1,,A,18Hw4g0P?w7JvR40gAHf4?vN058d,0*54"}
{"timestamp":1752743480023,"nmea":"!AIVDM,1,1,,A,13P:G\u003cP0007K0Rr0g7AFm9JR0L\u003cP,0*02"}
{"timestamp":1752743487196,"nmea":"!AIVDM,2,1,3,A,58HwF2`2G7\u003ckUKKWWJ1HU\u003cTtr3;;F2222222220l1@\u003e2640000000000,0*1C"}
{"timestamp":1752743487196,"nmea":"!AIVDM,2,2,3,A,000000000000000,2*27"}
{"timestamp":1752743491009,"nmea":"!AIVDM,2,1,4,B,56TfI482FUoHCLqB220Pln0L4tr2222222222216\u003e3vBQ5pT?R4iljC`,0*29"}
{"timestamp":1752743491009,"nmea":"!AIVDM,2,2,4,B,41@QhH888888880,2*17"}
{"timestamp":1752743492236,"nmea":"!AIVDM,2,1,5,B,53PKeF82=0eq`q`SJ20EHE:0D4LhF22222222217JIH?K5u10NDilil8,0*7C"}
{"timestamp":1752743492236,"nmea":"!AIVDM,2,2,5,B,?`0kU61p8888880,2*04"}
{"timestamp":1752743503700,"nmea":"!AIVDM,1,1,,B,35?dT:50007Jt540fn;;gIID0Dtr,0*72"}
{"timestamp":1752743518606,"nmea":"!AIVDM,1,1,,A,18Hw4g0P?w7JvRF0gAEf4?wj00SH,0*4C"}
{"timestamp":1752743518792,"nmea":"!AIVDM,1,1,,B,18HsFfPP017JvMr0gBhn:Own08RL,0*6B"}
{"timestamp":1752743535004,"nmea":"!AIVDM,1,1,,B,3815Pqm000WK33`0fg@5gPvL0000,0*63"}
{"timestamp":1752743544496,"nmea":"!AIVDM,1,1,,A,18HwF2gP01WK1w@0g0;\u003c6wvd0\u003cFE,0*74"}
{"timestamp":1752743554762,"nmea":"!AIVDM,1,1,,B,19NSLRh0007K2`T0fatA\u003ei120\u003c72,0*53"}
{"timestamp":1752743560335,"nmea":"!AIVDM,1,1,,A,13P:G\u003cP0007K0UF0g7:68aK:0D\u003cP,0*56"}
{"timestamp":1752743564547,"nmea":"!AIVDM,1,1,,A,19NSLRh0007K2`T0fau9Q11F00S@,0*70"}
{"timestamp":1752743582200,"nmea":"!AIVDM,1,1,,A,3775FA5000WK4C20f=tov@t20Dg:,0*52"}
{"timestamp":1752743588785,"nmea":"!AIVDM,1,1,,A,33Ip4e5000WK6t80f:3Ddht@0De:,0*25"}
{"timestamp":1752743595398,"nmea":"!AIVDM,1,1,,B,38I1U85000WJv9T0g2U`FChN0Dg:,0*62"}
{"timestamp":1752743595504,"nmea":"!AIVDM,1,1,,B,19NSLRh0007K2`T0fari\u003ei0L058l,0*5A"}
{"timestamp":1752743596225,"nmea":"!AIVDM,1,1,,A,18Hw1;P0007JvOl0gAtG6khN0\u003c\u003eG,0*79"}
{"timestamp":1752743597931,"nmea":"!AIVDM,1,1,,B,35AMFN5000WJubD0g55V13jR0Dg:,0*7E"}
{"timestamp":1752743600251,"nmea":"!AIVDM,2,1,6,B,58I1U882FS\u003eGUKKKS:1\u003cTp5:1=Dp@62222222216@hV6F5qm0HTiljCg,0*36"}
{"timestamp":1752743600251,"nmea":"!AIVDM,2,2,6,B,gUSPk2H88888880,2*39"}
{"timestamp":1752743600411,"nmea":"!AIVDM,2,1,7,B,55AMFN82;gsg\u003cHMCR2098T@LF222222222222216@Pj@\u003e5pB0GDiljC`,0*2B"}
{"timestamp":1752743600411,"nmea":"!AIVDM,2,2,7,B,888888888888880,2*20"}
{"timestamp":1752743607424,"nmea":"!AIVDM,1,1,,B,18Hw4g0P?w7JvR\u003c0gAJN4?vj0@@4,0*0C"}
{"timestamp":1752743615743,"nmea":"!AIVDM,1,1,,B,18Js5d8P017Jv`l0g@Dsqww80\u003c\u003c0,0*43"}
{"timestamp":1752743618063,"nmea":"!AIVDM,1,1,,A,36TfI450007Jv\u003c40fd=Po3i80Dp:,0*06"}
{"timestamp":1752743624702,"nmea":"!AIVDM,1,1,,A,19NSLRh0007K2`T0faqaDQ1F0HJ\u003c,0*44"}
{"timestamp":1752743634728,"nmea":"!AIVDM,1,1,,B,19NSLRh0007K2`R0faqaj11b00Ri,0*1E"}
{"timestamp":1752743635795,"nmea":"!AIVDM,1,1,,A,18Hw1;P0007JvOd0gAro6kid0HPd,0*4D"}
{"timestamp":1752743650887,"nmea":"!AIVDM,2,1,8,A,5815Pqh2\u003e\u003eTMKL7G;;PLttB118u=0D=B2222221:Ka8J\u003e5pF0NTiljC`,0*2C"}
{"timestamp":1752743650887,"nmea":"!AIVDM,2,2,8,A,888888888888880,2*2C"}
{"timestamp":1752743658033,"nmea":"!AIVDM,1,1,,A,18L?\u003cP0PA:7JtVb0fGIKEHVT0H:T,0*1C"}
{"timestamp":1752743663953,"nmea":"!AIVDM,1,1,,A,19NSLRh0007K2`T0faqP910d0L72,0*3C"}
{"timestamp":1752743667819,"nmea":"!AIVDM,1,1,,A,18Ht`8`P027Jv`t0gB@h0?vn2\u003c97,0*4C"}
{"timestamp":1752743682325,"nmea":"!AIVDM,1,1,,A,35?dT:50007Jt5N0fn8sgII@0Djr,0*5A"}
{"timestamp":1752743684485,"nmea":"!AIVDM,1,1,,A,18HwF2gP01WK1w00g0\u003ct6wwD0DFF,0*11"}
{"timestamp":1752743684698,"nmea":"!AIVDM,1,1,,A,19NSLRh0007K2`n0fakdAi1F0D72,0*23"}
{"timestamp":1752743869976,"nmea":"!AIVDM,1,1,,A,18Hw4g0P?w7JvR80gAIv4?wj0\u003c=l,0*68"}
{"timestamp":1752743869977,"nmea":"!AIVDM,1,1,,A,18I62B0P017JvcV0g@3PjOv8082E,0*1F"}
{"timestamp":1752743869977,"nmea":"!AIVDM,1,1,,B,18Hw4g0P?w7JvR:0gAHN4?v:084A,0*21"}
{"timestamp":1752743869977,"nmea":"!AIVDM,1,1,,A,18Js5d8P007Jva\u003e0g@IKqwwL0\u003c\u003c3,0*50"}
{"timestamp":1752743869977,"nmea":"!AIVDM,2,2,2,A,41@QhH888888880,2*12"}
{"timestamp":1752743869977,"nmea":"!AIVDM,2,1,3,A,53PKeF82=0eq`q`SJ20EHE:0D4LhF22222222217JIH?K5u10NDilil8,0*79"}
{"timestamp":1752743869977,"nmea":"!AIVDM,2,2,3,A,?`0kU61p8888880,2*01"}
{"timestamp":1752743869977,"nmea":"!AIVDM,1,1,,A,18Hw1;P0007JvP00gAtG6ke80HEq,0*78"}
{"timestamp":1752743869977,"nmea":"!AIVDM,1,1,,A,18Hw4g0P?w7JvRL0gAEN4?w:0L=i,0*0D"}
{"timestamp":1752743869977,"nmea":"!AIVDM,1,1,,A,18Js5d8P007Jva\u003e0g@IKqwwL0\u003c\u003c3,0*50"}
{"timestamp":1752743871276,"nmea":"!AIVDM,1,1,,A,18HsFaPP1d7Jv:@0g9rJvww`08N3,0*22"}
{"timestamp":1752743885356,"nmea":"!AIVDM,1,1,,A,19NSLRh0007K2`h0fal1Ohv80839,0*32"}
